0 info it worked if it ends with ok
1 verbose cli [ 'C:\\Program Files (x86)\\Nodist\\v-x64\\7.2.1\\node.exe',
1 verbose cli   'C:\\Program Files (x86)\\Nodist\\npmv\\4.0.5\\bin\\npm-cli.js',
1 verbose cli   'run',
1 verbose cli   'dev' ]
2 info using npm@4.0.5
3 info using node@v7.2.1
4 verbose run-script [ 'predev', 'dev', 'postdev' ]
5 info lifecycle product-package-mockup-generator@1.0.0~predev: product-package-mockup-generator@1.0.0
6 warn lifecycle The node binary used for scripts is C:\Program Files (x86)\Nodist\bin\node.exe but npm is using C:\Program Files (x86)\Nodist\v-x64\7.2.1\node.exe itself. Use the `--scripts-prepend-node-path` option to include the path for the node binary npm was executed with.
7 silly lifecycle product-package-mockup-generator@1.0.0~predev: no script for predev, continuing
8 info lifecycle product-package-mockup-generator@1.0.0~dev: product-package-mockup-generator@1.0.0
9 verbose lifecycle product-package-mockup-generator@1.0.0~dev: unsafe-perm in lifecycle true
10 verbose lifecycle product-package-mockup-generator@1.0.0~dev: PATH: C:\Program Files (x86)\Nodist\npmv\4.0.5\bin\node-gyp-bin;C:\Users\Krystian.Czyz\product-package-mockup-generator\node_modules\.bin;C:\Program Files\ConEmu\ConEmu\Scripts;C:\Program Files\ConEmu;C:\Program Files\ConEmu\ConEmu;C:\ProgramData\Oracle\Java\javapath;C:\WINDOWS\system32;C:\WINDOWS;C:\WINDOWS\System32\Wbem;C:\WINDOWS\System32\WindowsPowerShell\v1.0\;C:\Program Files\OpenVPN\bin;C:\Program Files\PuTTY\;C:\Program Files\TortoiseGit\bin;C:\Program Files\Git\cmd;;C:\ProgramData\chocolatey\bin;C:\Program Files (x86)\Nodist\bin;C:\Program Files (x86)\Common Files\Adobe\AGL;C:\Program Files\nodejs\;C:\Program Files (x86)\Yarn\bin;C:\ProgramData\Oracle\Java\javapath;C:\WINDOWS\system32;C:\WINDOWS;C:\WINDOWS\System32\Wbem;C:\WINDOWS\System32\WindowsPowerShell\v1.0\;C:\Program Files\OpenVPN\bin;C:\Program Files (x86)\Skype\Phone\;C:\Program Files\PuTTY\;C:\Program Files\TortoiseGit\bin;C:\Program Files\Git\cmd;C:\ProgramData\chocolatey\bin;;C:\Users\Krystian.Czyz\AppData\Local\Microsoft\WindowsApps;C:\Users\Krystian.Czyz\AppData\Roaming\npm;C:\Users\Krystian.Czyz\AppData\Local\Yarn\bin
11 verbose lifecycle product-package-mockup-generator@1.0.0~dev: CWD: C:\Users\Krystian.Czyz\product-package-mockup-generator
12 silly lifecycle product-package-mockup-generator@1.0.0~dev: Args: [ '/d /s /c', 'webpack --watch' ]
13 verbose stack Error: kill ENOSYS
13 verbose stack     at exports._errnoException (util.js:1022:11)
13 verbose stack     at process.kill (internal/process.js:173:13)
13 verbose stack     at process.listener (C:\Program Files (x86)\Nodist\npmv\4.0.5\node_modules\npmlog\node_modules\gauge\node_modules\signal-exit\index.js:86:15)
13 verbose stack     at emitNone (events.js:91:20)
13 verbose stack     at process.emit (events.js:185:7)
13 verbose stack     at processEmit (C:\Program Files (x86)\Nodist\npmv\4.0.5\node_modules\npmlog\node_modules\gauge\node_modules\signal-exit\index.js:146:32)
13 verbose stack     at processEmit (C:\Program Files (x86)\Nodist\npmv\4.0.5\node_modules\npm-registry-client\node_modules\npmlog\node_modules\gauge\node_modules\signal-exit\index.js:146:32)
13 verbose stack     at Signal.wrap.onsignal (internal/process.js:200:44)
14 verbose cwd C:\Users\Krystian.Czyz\product-package-mockup-generator
15 error Windows_NT 10.0.15063
16 error argv "C:\\Program Files (x86)\\Nodist\\v-x64\\7.2.1\\node.exe" "C:\\Program Files (x86)\\Nodist\\npmv\\4.0.5\\bin\\npm-cli.js" "run" "dev"
17 error node v7.2.1
18 error npm  v4.0.5
19 error code ENOSYS
20 error errno ENOSYS
21 error syscall kill
22 error kill ENOSYS
23 error If you need help, you may report this error at:
23 error     <https://github.com/npm/npm/issues>
24 verbose exit [ 1, true ]
